{"meta": {"format": 3, "version": "7.6.8", "timestamp": "2024-12-05T17:48:07.654297", "branch_coverage": false, "show_contexts": false}, "files": {"src\\dummy.py": {"executed_lines": [1, 3, 5, 14], "summary": {"covered_lines": 3, "num_statements": 3, "percent_covered": 100.0, "percent_covered_display": "100", "missing_lines": 0, "excluded_lines": 0}, "missing_lines": [], "excluded_lines": [], "functions": {"sine_func": {"executed_lines": [14], "summary": {"covered_lines": 1, "num_statements": 1, "percent_covered": 100.0, "percent_covered_display": "100", "missing_lines": 0, "excluded_lines": 0}, "missing_lines": [], "excluded_lines": []}, "": {"executed_lines": [1, 3, 5], "summary": {"covered_lines": 2, "num_statements": 2, "percent_covered": 100.0, "percent_covered_display": "100", "missing_lines": 0, "excluded_lines": 0}, "missing_lines": [], "excluded_lines": []}}, "classes": {"": {"executed_lines": [1, 3, 5, 14], "summary": {"covered_lines": 3, "num_statements": 3, "percent_covered": 100.0, "percent_covered_display": "100", "missing_lines": 0, "excluded_lines": 0}, "missing_lines": [], "excluded_lines": []}}}, "src\\orbitalPropagation.py": {"executed_lines": [1, 2, 3, 4, 7, 8, 9, 10, 12, 21, 22, 23, 24, 27, 28, 31, 32, 36, 39, 40, 43, 52, 54, 55, 57, 59, 65, 66, 67, 68, 69, 79, 81, 95, 96, 97, 98, 100, 101, 102, 105], "summary": {"covered_lines": 40, "num_statements": 40, "percent_covered": 100.0, "percent_covered_display": "100", "missing_lines": 0, "excluded_lines": 47}, "missing_lines": [], "excluded_lines": [105, 107, 110, 111, 112, 113, 114, 115, 116, 117, 120, 121, 124, 125, 128, 129, 132, 133, 134, 135, 136, 137, 138, 139, 142, 143, 146, 147, 150, 151, 152, 153, 154, 155, 158, 159, 160, 163, 164, 165, 166, 167, 168, 169, 170, 171, 172], "functions": {"Rot": {"executed_lines": [21, 22, 23, 24, 27, 28, 31, 32, 36, 39, 40], "summary": {"covered_lines": 11, "num_statements": 11, "percent_covered": 100.0, "percent_covered_display": "100", "missing_lines": 0, "excluded_lines": 0}, "missing_lines": [], "excluded_lines": []}, "accelerations": {"executed_lines": [52, 54, 55, 57, 59, 65, 66, 67], "summary": {"covered_lines": 8, "num_statements": 8, "percent_covered": 100.0, "percent_covered_display": "100", "missing_lines": 0, "excluded_lines": 0}, "missing_lines": [], "excluded_lines": []}, "radius": {"executed_lines": [79], "summary": {"covered_lines": 1, "num_statements": 1, "percent_covered": 100.0, "percent_covered_display": "100", "missing_lines": 0, "excluded_lines": 0}, "missing_lines": [], "excluded_lines": []}, "kepler2state": {"executed_lines": [95, 96, 97, 98, 100, 101, 102], "summary": {"covered_lines": 7, "num_statements": 7, "percent_covered": 100.0, "percent_covered_display": "100", "missing_lines": 0, "excluded_lines": 0}, "missing_lines": [], "excluded_lines": []}, "": {"executed_lines": [1, 2, 3, 4, 7, 8, 9, 10, 12, 43, 68, 69, 81, 105], "summary": {"covered_lines": 13, "num_statements": 13, "percent_covered": 100.0, "percent_covered_display": "100", "missing_lines": 0, "excluded_lines": 47}, "missing_lines": [], "excluded_lines": [105, 107, 110, 111, 112, 113, 114, 115, 116, 117, 120, 121, 124, 125, 128, 129, 132, 133, 134, 135, 136, 137, 138, 139, 142, 143, 146, 147, 150, 151, 152, 153, 154, 155, 158, 159, 160, 163, 164, 165, 166, 167, 168, 169, 170, 171, 172]}}, "classes": {"": {"executed_lines": [1, 2, 3, 4, 7, 8, 9, 10, 12, 21, 22, 23, 24, 27, 28, 31, 32, 36, 39, 40, 43, 52, 54, 55, 57, 59, 65, 66, 67, 68, 69, 79, 81, 95, 96, 97, 98, 100, 101, 102, 105], "summary": {"covered_lines": 40, "num_statements": 40, "percent_covered": 100.0, "percent_covered_display": "100", "missing_lines": 0, "excluded_lines": 47}, "missing_lines": [], "excluded_lines": [105, 107, 110, 111, 112, 113, 114, 115, 116, 117, 120, 121, 124, 125, 128, 129, 132, 133, 134, 135, 136, 137, 138, 139, 142, 143, 146, 147, 150, 151, 152, 153, 154, 155, 158, 159, 160, 163, 164, 165, 166, 167, 168, 169, 170, 171, 172]}}}, "src\\projectgitestaca\\__init__.py": {"executed_lines": [], "summary": {"covered_lines": 0, "num_statements": 0, "percent_covered": 100.0, "percent_covered_display": "100", "missing_lines": 0, "excluded_lines": 0}, "missing_lines": [], "excluded_lines": [], "functions": {"": {"executed_lines": [], "summary": {"covered_lines": 0, "num_statements": 0, "percent_covered": 100.0, "percent_covered_display": "100", "missing_lines": 0, "excluded_lines": 0}, "missing_lines": [], "excluded_lines": []}}, "classes": {"": {"executed_lines": [], "summary": {"covered_lines": 0, "num_statements": 0, "percent_covered": 100.0, "percent_covered_display": "100", "missing_lines": 0, "excluded_lines": 0}, "missing_lines": [], "excluded_lines": []}}}}, "totals": {"covered_lines": 43, "num_statements": 43, "percent_covered": 100.0, "percent_covered_display": "100", "missing_lines": 0, "excluded_lines": 47}}